<?xml version="1.0" encoding="UTF-8"?>
<testng-results skipped="0" failed="0" ignored="0" total="1" passed="1">
  <reporter-output>
  </reporter-output>
  <suite name="Default suite" duration-ms="11018" started-at="2019-06-13T21:49:06Z" finished-at="2019-06-13T21:49:17Z">
    <groups>
    </groups>
    <test name="Default test" duration-ms="11018" started-at="2019-06-13T21:49:06Z" finished-at="2019-06-13T21:49:17Z">
      <class name="testCases.loginApplication">
        <test-method status="PASS" signature="loginApplication()[pri:0, instance:testCases.loginApplication@53f65459]" name="loginApplication" duration-ms="10990" started-at="2019-06-13T17:49:06Z" finished-at="2019-06-13T17:49:17Z">
          <reporter-output>
          </reporter-output>
        </test-method> <!-- loginApplication -->
      </class> <!-- testCases.loginApplication -->
    </test> <!-- Default test -->
  </suite> <!-- Default suite -->
</testng-results>
